SELECT @@GLOBAL.binlog_format;
@@GLOBAL.binlog_format
#
'#---------------------BS_STVARS_002_01----------------------#'
SET @start_value= @@global.binlog_format;
SELECT COUNT(@@GLOBAL.binlog_format);
COUNT(@@GLOBAL.binlog_format)
0
1 Expected
SELECT COUNT(@@SESSION.binlog_format);
COUNT(@@SESSION.binlog_format)
0
1 Expected
'#---------------------BS_STVARS_002_02----------------------#'
SET @@GLOBAL.binlog_format=1;
SELECT @@GLOBAL.binlog_format;
@@GLOBAL.binlog_format
NULL
SET @@SESSION.binlog_format=1;
SELECT @@SESSION.binlog_format;
@@SESSION.binlog_format
NULL
'#---------------------BS_STVARS_002_03----------------------#'
