SELECT COUNT(@@GLOBAL.innodb_log_spin_cpu_pct_hwm);
COUNT(@@GLOBAL.innodb_log_spin_cpu_pct_hwm)
0
1 Expected
SET @@GLOBAL.innodb_log_spin_cpu_pct_hwm=-1;
SELECT @@innodb_log_spin_cpu_pct_hwm;
@@innodb_log_spin_cpu_pct_hwm
-1
SET @@GLOBAL.innodb_log_spin_cpu_pct_hwm=101;
SELECT @@innodb_log_spin_cpu_pct_hwm;
@@innodb_log_spin_cpu_pct_hwm
101
SET @@GLOBAL.innodb_log_spin_cpu_pct_hwm=1;
SELECT @@innodb_log_spin_cpu_pct_hwm;
@@innodb_log_spin_cpu_pct_hwm
1
SELECT COUNT(@@GLOBAL.innodb_log_spin_cpu_pct_hwm);
COUNT(@@GLOBAL.innodb_log_spin_cpu_pct_hwm)
0
1 Expected
