SELECT COUNT(@@GLOBAL.innodb_log_spin_cpu_abs_lwm);
COUNT(@@GLOBAL.innodb_log_spin_cpu_abs_lwm)
0
1 Expected
SET @@GLOBAL.innodb_log_spin_cpu_abs_lwm=-1;
SELECT @@innodb_log_spin_cpu_abs_lwm;
@@innodb_log_spin_cpu_abs_lwm
-1
SET @@GLOBAL.innodb_log_spin_cpu_abs_lwm=1;
SELECT @@innodb_log_spin_cpu_abs_lwm;
@@innodb_log_spin_cpu_abs_lwm
1
SET @@GLOBAL.innodb_log_spin_cpu_abs_lwm=101;
SELECT @@innodb_log_spin_cpu_abs_lwm;
@@innodb_log_spin_cpu_abs_lwm
101
SELECT COUNT(@@GLOBAL.innodb_log_spin_cpu_abs_lwm);
COUNT(@@GLOBAL.innodb_log_spin_cpu_abs_lwm)
0
1 Expected
