set @saved_slave_rows_search_algorithms = @@global.slave_rows_search_algorithms;
SELECT @@global.slave_rows_search_algorithms;
@@slave_rows_search_algorithms
NULL
SET GLOBAL SLAVE_ROWS_SEARCH_ALGORITHMS=DEFAULT;
SELECT @@global.slave_rows_search_algorithms;
@@slave_rows_search_algorithms
NULL
SET GLOBAL SLAVE_ROWS_SEARCH_ALGORITHMS='TABLE_SCAN';
SELECT @@global.slave_rows_search_algorithms;
@@slave_rows_search_algorithms
TABLE_SCAN
SET GLOBAL SLAVE_ROWS_SEARCH_ALGORITHMS='HASH_SCAN';
SELECT @@global.slave_rows_search_algorithms;
@@slave_rows_search_algorithms
HASH_SCAN
SET GLOBAL SLAVE_ROWS_SEARCH_ALGORITHMS='INDEX_SCAN';
SELECT @@global.slave_rows_search_algorithms;
@@slave_rows_search_algorithms
INDEX_SCAN
SET GLOBAL SLAVE_ROWS_SEARCH_ALGORITHMS='TABLE_SCAN,HASH_SCAN';
SELECT @@global.slave_rows_search_algorithms;
@@slave_rows_search_algorithms
TABLE_SCAN,HASH_SCAN
SET GLOBAL SLAVE_ROWS_SEARCH_ALGORITHMS='TABLE_SCAN,HASH_SCAN,INDEX_SCAN';
SELECT @@global.slave_rows_search_algorithms;
@@slave_rows_search_algorithms
TABLE_SCAN,HASH_SCAN,INDEX_SCAN
SET GLOBAL SLAVE_ROWS_SEARCH_ALGORITHMS='TABLE_SCAN,INDEX_SCAN';
SELECT @@global.slave_rows_search_algorithms;
@@slave_rows_search_algorithms
TABLE_SCAN,INDEX_SCAN
SET GLOBAL SLAVE_ROWS_SEARCH_ALGORITHMS='HASH_SCAN,INDEX_SCAN';
SELECT @@global.slave_rows_search_algorithms;
@@slave_rows_search_algorithms
HASH_SCAN,INDEX_SCAN
