ERROR HY000: unknown error: unsupported syntax: &sqlparser.ConvertUsingExpr{Expr:(*sqlparser.SQLVal)(0xc0004ab620), Type:"utf8"}
ERROR HY000: unknown error: unsupported syntax: &sqlparser.Union{Type:"union", Left:(*sqlparser.Select)(0xc0003e4f70), Right:(*sqlparser.Select)(0xc0003e5040), OrderBy:sqlparser.OrderBy(nil), Limit:(*sqlparser.Limit)(nil), Lock:""}
DROP TABLE IF EXISTS t0, t1, t2;
ERROR HY000: unknown error: unsupported syntax: &sqlparser.DDL{Action:"drop", ColumnAction:"", Column:sqlparser.ColIdent{_:[0]struct { _ []uint8 }{}, val:"", lowered:""}, ToColumn:sqlparser.ColIdent{_:[0]struct { _ []uint8 }{}, val:"", lowered:""}, FromTables:sqlparser.TableNames{sqlparser.TableName{Name:sqlparser.TableIdent{v:"t0"}, Qualifier:sqlparser.TableIdent{v:""}}, sqlparser.TableName{Name:sqlparser.TableIdent{v:"t1"}, Qualifier:sqlparser.TableIdent{v:""}}, sqlparser.TableName{Name:sqlparser.TableIdent{v:"t2"}, 
CREATE TABLE t0 (col1 CHAR(50))
ENGINE = <engine_to_be_tested>;
ERROR HY000: unknown error: Type not supported: CHAR
CREATE TABLE t1 (id INT NOT NULL, col1 CHAR(50), PRIMARY KEY (id))
ENGINE = <engine_to_be_tested>;
ERROR HY000: unknown error: Type not supported: CHAR
CREATE TABLE t2 (id INT PRIMARY KEY, f_id INT,
INDEX par_ind (f_id), col1 CHAR(50),
FOREIGN KEY (f_id) REFERENCES t1(id) ON DELETE SET NULL)
ENGINE = <engine_to_be_tested>;
ERROR HY000: unknown error: Type not supported: CHAR
INSERT INTO t1 VALUES (1,'Department A');
ERROR HY000: unknown error: table not found: t1
INSERT INTO t1 VALUES (2,'Department B');
ERROR HY000: unknown error: table not found: t1
INSERT INTO t1 VALUES (3,'Department C');
ERROR HY000: unknown error: table not found: t1
INSERT INTO t2 VALUES (1,2,'Emp 1');
ERROR HY000: unknown error: table not found: t2
INSERT INTO t2 VALUES (2,2,'Emp 2');
ERROR HY000: unknown error: table not found: t2
INSERT INTO t2 VALUES (3,2,'Emp 3');
ERROR HY000: unknown error: table not found: t2
CREATE TRIGGER trig AFTER INSERT ON t0 FOR EACH ROW
DELETE FROM t1 WHERE col1 = new.col1;
ERROR HY000: unknown error: Code: INVALID_ARGUMENT
syntax error at position 20 near 'trig'

SELECT * FROM t2;
ERROR HY000: unknown error: table not found: t2
LOCK TABLES t0 WRITE, t1 WRITE;
ERROR HY000: unknown error: table not found: t0
INSERT INTO t0 VALUES ('Department B');
ERROR HY000: unknown error: table not found: t0
UNLOCK TABLES;
SELECT * FROM t2;
ERROR HY000: unknown error: table not found: t2
DROP TRIGGER trig;
ERROR HY000: unknown error: Code: INVALID_ARGUMENT
syntax error at position 13 near 'trigger'

DROP TABLE t2, t1;
ERROR HY000: unknown error: unsupported syntax: &sqlparser.DDL{Action:"drop", ColumnAction:"", Column:sqlparser.ColIdent{_:[0]struct { _ []uint8 }{}, val:"", lowered:""}, ToColumn:sqlparser.ColIdent{_:[0]struct { _ []uint8 }{}, val:"", lowered:""}, FromTables:sqlparser.TableNames{sqlparser.TableName{Name:sqlparser.TableIdent{v:"t2"}, Qualifier:sqlparser.TableIdent{v:""}}, sqlparser.TableName{Name:sqlparser.TableIdent{v:"t1"}, Qualifier:sqlparser.TableIdent{v:""}}}, ToTables:sqlparser.TableNames(nil), Table:sqlparser.Ta
ERROR HY000: unknown error: unsupported syntax: &sqlparser.ConvertUsingExpr{Expr:(*sqlparser.SQLVal)(0xc0002b7740), Type:"utf8"}
ERROR HY000: unknown error: unsupported syntax: &sqlparser.Union{Type:"union", Left:(*sqlparser.Select)(0xc0003e52b0), Right:(*sqlparser.Select)(0xc0003e5380), OrderBy:sqlparser.OrderBy(nil), Limit:(*sqlparser.Limit)(nil), Lock:""}
DROP TABLE IF EXISTS t1, t2;
ERROR HY000: unknown error: unsupported syntax: &sqlparser.DDL{Action:"drop", ColumnAction:"", Column:sqlparser.ColIdent{_:[0]struct { _ []uint8 }{}, val:"", lowered:""}, ToColumn:sqlparser.ColIdent{_:[0]struct { _ []uint8 }{}, val:"", lowered:""}, FromTables:sqlparser.TableNames{sqlparser.TableName{Name:sqlparser.TableIdent{v:"t1"}, Qualifier:sqlparser.TableIdent{v:""}}, sqlparser.TableName{Name:sqlparser.TableIdent{v:"t2"}, Qualifier:sqlparser.TableIdent{v:""}}}, ToTables:sqlparser.TableNames(nil), Table:sqlparser.Ta
CREATE TABLE t1 (id INT NOT NULL, col1 CHAR(50), PRIMARY KEY (id))
ENGINE = <engine_to_be_tested>;
ERROR HY000: unknown error: Type not supported: CHAR
CREATE TABLE t2 (id INT PRIMARY KEY, f_id INT,
INDEX par_ind (f_id), col1 CHAR(50),
FOREIGN KEY (f_id) REFERENCES t1(id) ON UPDATE CASCADE)
ENGINE = <engine_to_be_tested>;
ERROR HY000: unknown error: Type not supported: CHAR
INSERT INTO t1 VALUES (1,'Department A');
ERROR HY000: unknown error: table not found: t1
INSERT INTO t1 VALUES (2,'Department B');
ERROR HY000: unknown error: table not found: t1
INSERT INTO t1 VALUES (3,'Department C');
ERROR HY000: unknown error: table not found: t1
INSERT INTO t2 VALUES (1,2,'Emp 1');
ERROR HY000: unknown error: table not found: t2
INSERT INTO t2 VALUES (2,3,'Emp 2');
ERROR HY000: unknown error: table not found: t2
